2023-05-13T00:07:57+00:00 DEBUG tt4b_product_sync: missing access token for tt4b_product_sync
2023-05-13T00:07:57+00:00 DEBUG tt4b_product_sync: missing access token for tt4b_product_sync
2023-05-13T00:10:59+00:00 DEBUG tt4b_product_sync: missing access token for tt4b_product_sync
2023-05-13T00:18:52+00:00 DEBUG tt4b_product_sync: missing access token for tt4b_product_sync
2023-05-13T00:19:59+00:00 DEBUG tt4b_product_sync: missing access token for tt4b_product_sync
2023-05-13T00:23:55+00:00 DEBUG tt4b_product_sync: missing access token for tt4b_product_sync
2023-05-13T00:24:10+00:00 DEBUG tt4b_product_sync: missing access token for tt4b_product_sync
2023-05-13T00:24:24+00:00 DEBUG tt4b_product_sync: missing access token for tt4b_product_sync
2023-05-13T00:26:16+00:00 DEBUG tt4b_product_sync: missing access token for tt4b_product_sync
2023-05-13T00:26:44+00:00 DEBUG Tt4b_Pixel_Class::inject_view_content_event: hit injectViewContentEvent
2023-05-13T00:26:44+00:00 DEBUG Tt4b_Pixel_Class::inject_view_content_event: Missing option "access_token"
2023-05-13T00:27:08+00:00 DEBUG tt4b_product_sync: missing access token for tt4b_product_sync
2023-05-13T00:27:43+00:00 DEBUG tt4b_product_sync: missing access token for tt4b_product_sync
2023-05-13T00:28:05+00:00 DEBUG tt4b_product_sync: missing access token for tt4b_product_sync
2023-05-13T00:28:48+00:00 DEBUG tt4b_product_sync: missing access token for tt4b_product_sync
2023-05-13T01:10:40+00:00 DEBUG Tt4b_Pixel_Class::inject_add_to_cart_event: hit injectAddToCartEvent
2023-05-13T01:10:40+00:00 DEBUG Tt4b_Pixel_Class::inject_add_to_cart_event: Missing option "access_token"
2023-05-13T22:55:33+00:00 DEBUG Tt4b_Pixel_Class::inject_view_content_event: hit injectViewContentEvent
2023-05-13T22:55:33+00:00 DEBUG Tt4b_Pixel_Class::inject_view_content_event: Missing option "access_token"
2023-05-13T22:57:33+00:00 DEBUG tt4b_product_sync: missing access token for tt4b_product_sync
2023-05-13T22:58:24+00:00 DEBUG tt4b_product_sync: missing access token for tt4b_product_sync
2023-05-13T22:58:50+00:00 DEBUG tt4b_product_sync: missing access token for tt4b_product_sync
2023-05-13T22:59:06+00:00 DEBUG Tt4b_Pixel_Class::inject_view_content_event: hit injectViewContentEvent
2023-05-13T22:59:06+00:00 DEBUG Tt4b_Pixel_Class::inject_view_content_event: Missing option "access_token"
2023-05-13T23:08:23+00:00 DEBUG Tt4b_Pixel_Class::inject_view_content_event: hit injectViewContentEvent
2023-05-13T23:08:23+00:00 DEBUG Tt4b_Pixel_Class::inject_view_content_event: Missing option "access_token"
2023-05-13T23:27:21+00:00 DEBUG Tt4b_Pixel_Class::inject_view_content_event: hit injectViewContentEvent
2023-05-13T23:27:21+00:00 DEBUG Tt4b_Pixel_Class::inject_view_content_event: Missing option "access_token"
2023-05-13T23:38:16+00:00 DEBUG Tt4b_Pixel_Class::inject_view_content_event: hit injectViewContentEvent
2023-05-13T23:38:16+00:00 DEBUG Tt4b_Pixel_Class::inject_view_content_event: Missing option "access_token"
